<?xml version="1.0" encoding="UTF-8" ?>
<testsuite tests="22" failures="22" name="com.ssvv.TestAddStudent" time="0.011" errors="0" skipped="0">
  <properties>
[...]
</properties>
  <testcase classname="com.ssvv.TestAddStudent" name="com.ssvv.TestAddStudent.test_add_student_group_bigger_number_lower_boundary" time="0.006">
    <failure message="Cannot invoke &quot;com.ssvv.service.Service.addStudent(com.ssvv.domain.Student)&quot; because &quot;this.service&quot; is null" type="java.lang.NullPointerException">java.lang.NullPointerException: Cannot invoke &quot;com.ssvv.service.Service.addStudent(com.ssvv.domain.Student)&quot; because &quot;this.service&quot; is null
	at com.ssvv.TestAddStudent.test_add_student_group_bigger_number_lower_boundary(TestAddStudent.java:138)
</failure>
  </testcase>
  <testcase classname="com.ssvv.TestAddStudent" name="com.ssvv.TestAddStudent.test_add_student_group_negative_number_lower_boundary" time="0">
    <failure message="Cannot invoke &quot;com.ssvv.service.Service.addStudent(com.ssvv.domain.Student)&quot; because &quot;this.service&quot; is null" type="java.lang.NullPointerException">java.lang.NullPointerException: Cannot invoke &quot;com.ssvv.service.Service.addStudent(com.ssvv.domain.Student)&quot; because &quot;this.service&quot; is null
	at com.ssvv.TestAddStudent.test_add_student_group_negative_number_lower_boundary(TestAddStudent.java:119)
</failure>
  </testcase>
  <testcase classname="com.ssvv.TestAddStudent" name="com.ssvv.TestAddStudent.test_add_student_group_positive_number_lower_boundary" time="0">
    <failure message="Cannot invoke &quot;com.ssvv.service.Service.addStudent(com.ssvv.domain.Student)&quot; because &quot;this.service&quot; is null" type="java.lang.NullPointerException">java.lang.NullPointerException: Cannot invoke &quot;com.ssvv.service.Service.addStudent(com.ssvv.domain.Student)&quot; because &quot;this.service&quot; is null
	at com.ssvv.TestAddStudent.test_add_student_group_positive_number_lower_boundary(TestAddStudent.java:129)
</failure>
  </testcase>
  <testcase classname="com.ssvv.TestAddStudent" name="com.ssvv.TestAddStudent.test_add_student_group_lower_upper_boundary" time="0">
    <failure message="Cannot invoke &quot;com.ssvv.service.Service.addStudent(com.ssvv.domain.Student)&quot; because &quot;this.service&quot; is null" type="java.lang.NullPointerException">java.lang.NullPointerException: Cannot invoke &quot;com.ssvv.service.Service.addStudent(com.ssvv.domain.Student)&quot; because &quot;this.service&quot; is null
	at com.ssvv.TestAddStudent.test_add_student_group_lower_upper_boundary(TestAddStudent.java:146)
</failure>
  </testcase>
  <testcase classname="com.ssvv.TestAddStudent" name="com.ssvv.TestAddStudent.test_add_student_id_empty_string_lower_boundery" time="0">
    <failure message="Cannot invoke &quot;com.ssvv.service.Service.addStudent(com.ssvv.domain.Student)&quot; because &quot;this.service&quot; is null" type="java.lang.NullPointerException">java.lang.NullPointerException: Cannot invoke &quot;com.ssvv.service.Service.addStudent(com.ssvv.domain.Student)&quot; because &quot;this.service&quot; is null
	at com.ssvv.TestAddStudent.test_add_student_id_empty_string_lower_boundery(TestAddStudent.java:60)
</failure>
  </testcase>
  <testcase classname="com.ssvv.TestAddStudent" name="com.ssvv.TestAddStudent.test_add_student_name_with_empty_string" time="0">
    <failure message="Cannot invoke &quot;com.ssvv.service.Service.addStudent(com.ssvv.domain.Student)&quot; because &quot;this.service&quot; is null" type="java.lang.NullPointerException">java.lang.NullPointerException: Cannot invoke &quot;com.ssvv.service.Service.addStudent(com.ssvv.domain.Student)&quot; because &quot;this.service&quot; is null
	at com.ssvv.TestAddStudent.test_add_student_name_with_empty_string(TestAddStudent.java:179)
</failure>
  </testcase>
  <testcase classname="com.ssvv.TestAddStudent" name="com.ssvv.TestAddStudent.test_add_student_group_bigger_upper_boundary" time="0.002">
    <failure message="Cannot invoke &quot;com.ssvv.service.Service.addStudent(com.ssvv.domain.Student)&quot; because &quot;this.service&quot; is null" type="java.lang.NullPointerException">java.lang.NullPointerException: Cannot invoke &quot;com.ssvv.service.Service.addStudent(com.ssvv.domain.Student)&quot; because &quot;this.service&quot; is null
	at com.ssvv.TestAddStudent.test_add_student_group_bigger_upper_boundary(TestAddStudent.java:162)
</failure>
  </testcase>
  <testcase classname="com.ssvv.TestAddStudent" name="com.ssvv.TestAddStudent.test_add_student_id_bigger_number_lower_boundary" time="0">
    <failure message="Cannot invoke &quot;com.ssvv.service.Service.addStudent(com.ssvv.domain.Student)&quot; because &quot;this.service&quot; is null" type="java.lang.NullPointerException">java.lang.NullPointerException: Cannot invoke &quot;com.ssvv.service.Service.addStudent(com.ssvv.domain.Student)&quot; because &quot;this.service&quot; is null
	at com.ssvv.TestAddStudent.test_add_student_id_bigger_number_lower_boundary(TestAddStudent.java:77)
</failure>
  </testcase>
  <testcase classname="com.ssvv.TestAddStudent" name="com.ssvv.TestAddStudent.test_add_student_id_big_number_upper_boundary" time="0">
    <failure message="Cannot invoke &quot;com.ssvv.service.Service.addStudent(com.ssvv.domain.Student)&quot; because &quot;this.service&quot; is null" type="java.lang.NullPointerException">java.lang.NullPointerException: Cannot invoke &quot;com.ssvv.service.Service.addStudent(com.ssvv.domain.Student)&quot; because &quot;this.service&quot; is null
	at com.ssvv.TestAddStudent.test_add_student_id_big_number_upper_boundary(TestAddStudent.java:93)
</failure>
  </testcase>
  <testcase classname="com.ssvv.TestAddStudent" name="com.ssvv.TestAddStudent.test_add_student_name_with_special_ch" time="0">
    <failure message="Cannot invoke &quot;com.ssvv.service.Service.addStudent(com.ssvv.domain.Student)&quot; because &quot;this.service&quot; is null" type="java.lang.NullPointerException">java.lang.NullPointerException: Cannot invoke &quot;com.ssvv.service.Service.addStudent(com.ssvv.domain.Student)&quot; because &quot;this.service&quot; is null
	at com.ssvv.TestAddStudent.test_add_student_name_with_special_ch(TestAddStudent.java:170)
</failure>
  </testcase>
  <testcase classname="com.ssvv.TestAddStudent" name="com.ssvv.TestAddStudent.test_add_student_id_smaller_number_upper_boundary" time="0">
    <failure message="Cannot invoke &quot;com.ssvv.service.Service.addStudent(com.ssvv.domain.Student)&quot; because &quot;this.service&quot; is null" type="java.lang.NullPointerException">java.lang.NullPointerException: Cannot invoke &quot;com.ssvv.service.Service.addStudent(com.ssvv.domain.Student)&quot; because &quot;this.service&quot; is null
	at com.ssvv.TestAddStudent.test_add_student_id_smaller_number_upper_boundary(TestAddStudent.java:85)
</failure>
  </testcase>
  <testcase classname="com.ssvv.TestAddStudent" name="com.ssvv.TestAddStudent.test_add_student_id_small_number_lower_boundary" time="0">
    <failure message="Cannot invoke &quot;com.ssvv.service.Service.addStudent(com.ssvv.domain.Student)&quot; because &quot;this.service&quot; is null" type="java.lang.NullPointerException">java.lang.NullPointerException: Cannot invoke &quot;com.ssvv.service.Service.addStudent(com.ssvv.domain.Student)&quot; because &quot;this.service&quot; is null
	at com.ssvv.TestAddStudent.test_add_student_id_small_number_lower_boundary(TestAddStudent.java:69)
</failure>
  </testcase>
  <testcase classname="com.ssvv.TestAddStudent" name="com.ssvv.TestAddStudent.test_add_student_group_equal_upper_boundary" time="0.001">
    <failure message="Cannot invoke &quot;com.ssvv.service.Service.addStudent(com.ssvv.domain.Student)&quot; because &quot;this.service&quot; is null" type="java.lang.NullPointerException">java.lang.NullPointerException: Cannot invoke &quot;com.ssvv.service.Service.addStudent(com.ssvv.domain.Student)&quot; because &quot;this.service&quot; is null
	at com.ssvv.TestAddStudent.test_add_student_group_equal_upper_boundary(TestAddStudent.java:154)
</failure>
  </testcase>
  <testcase classname="com.ssvv.TestAddStudent" name="com.ssvv.TestAddStudent.test_add_student_email_with_empty_string" time="0">
    <failure message="Cannot invoke &quot;com.ssvv.service.Service.addStudent(com.ssvv.domain.Student)&quot; because &quot;this.service&quot; is null" type="java.lang.NullPointerException">java.lang.NullPointerException: Cannot invoke &quot;com.ssvv.service.Service.addStudent(com.ssvv.domain.Student)&quot; because &quot;this.service&quot; is null
	at com.ssvv.TestAddStudent.test_add_student_email_with_empty_string(TestAddStudent.java:206)
</failure>
  </testcase>
  <testcase classname="com.ssvv.TestAddStudent" name="com.ssvv.TestAddStudent.test_add_student_id_bigger_number_upper_boundary" time="0">
    <failure message="Cannot invoke &quot;com.ssvv.service.Service.addStudent(com.ssvv.domain.Student)&quot; because &quot;this.service&quot; is null" type="java.lang.NullPointerException">java.lang.NullPointerException: Cannot invoke &quot;com.ssvv.service.Service.addStudent(com.ssvv.domain.Student)&quot; because &quot;this.service&quot; is null
	at com.ssvv.TestAddStudent.test_add_student_id_bigger_number_upper_boundary(TestAddStudent.java:101)
</failure>
  </testcase>
  <testcase classname="com.ssvv.TestAddStudent" name="com.ssvv.TestAddStudent.test_add_student_email_with_null" time="0">
    <failure message="Cannot invoke &quot;com.ssvv.service.Service.addStudent(com.ssvv.domain.Student)&quot; because &quot;this.service&quot; is null" type="java.lang.NullPointerException">java.lang.NullPointerException: Cannot invoke &quot;com.ssvv.service.Service.addStudent(com.ssvv.domain.Student)&quot; because &quot;this.service&quot; is null
	at com.ssvv.TestAddStudent.test_add_student_email_with_null(TestAddStudent.java:216)
</failure>
  </testcase>
  <testcase classname="com.ssvv.TestAddStudent" name="com.ssvv.TestAddStudent.test_add_student_id_float_number" time="0.001">
    <failure message="Cannot invoke &quot;com.ssvv.service.Service.addStudent(com.ssvv.domain.Student)&quot; because &quot;this.service&quot; is null" type="java.lang.NullPointerException">java.lang.NullPointerException: Cannot invoke &quot;com.ssvv.service.Service.addStudent(com.ssvv.domain.Student)&quot; because &quot;this.service&quot; is null
	at com.ssvv.TestAddStudent.test_add_student_id_float_number(TestAddStudent.java:240)
</failure>
  </testcase>
  <testcase classname="com.ssvv.TestAddStudent" name="com.ssvv.TestAddStudent.test_add_student_group_number" time="0">
    <failure message="Cannot invoke &quot;com.ssvv.service.Service.addStudent(com.ssvv.domain.Student)&quot; because &quot;this.service&quot; is null" type="java.lang.NullPointerException">java.lang.NullPointerException: Cannot invoke &quot;com.ssvv.service.Service.addStudent(com.ssvv.domain.Student)&quot; because &quot;this.service&quot; is null
	at com.ssvv.TestAddStudent.test_add_student_group_number(TestAddStudent.java:110)
</failure>
  </testcase>
  <testcase classname="com.ssvv.TestAddStudent" name="com.ssvv.TestAddStudent.test_add_student_id_not_null" time="0">
    <failure message="Cannot invoke &quot;com.ssvv.service.Service.addStudent(com.ssvv.domain.Student)&quot; because &quot;this.service&quot; is null" type="java.lang.NullPointerException">java.lang.NullPointerException: Cannot invoke &quot;com.ssvv.service.Service.addStudent(com.ssvv.domain.Student)&quot; because &quot;this.service&quot; is null
	at com.ssvv.TestAddStudent.test_add_student_id_not_null(TestAddStudent.java:51)
</failure>
  </testcase>
  <testcase classname="com.ssvv.TestAddStudent" name="com.ssvv.TestAddStudent.test_add_student_id_duplicate" time="0.001">
    <failure message="Cannot invoke &quot;com.ssvv.service.Service.addStudent(com.ssvv.domain.Student)&quot; because &quot;this.service&quot; is null" type="java.lang.NullPointerException">java.lang.NullPointerException: Cannot invoke &quot;com.ssvv.service.Service.addStudent(com.ssvv.domain.Student)&quot; because &quot;this.service&quot; is null
	at com.ssvv.TestAddStudent.test_add_student_id_duplicate(TestAddStudent.java:225)
</failure>
  </testcase>
  <testcase classname="com.ssvv.TestAddStudent" name="com.ssvv.TestAddStudent.test_add_student_name_with_null" time="0">
    <failure message="Cannot invoke &quot;com.ssvv.service.Service.addStudent(com.ssvv.domain.Student)&quot; because &quot;this.service&quot; is null" type="java.lang.NullPointerException">java.lang.NullPointerException: Cannot invoke &quot;com.ssvv.service.Service.addStudent(com.ssvv.domain.Student)&quot; because &quot;this.service&quot; is null
	at com.ssvv.TestAddStudent.test_add_student_name_with_null(TestAddStudent.java:189)
</failure>
  </testcase>
  <testcase classname="com.ssvv.TestAddStudent" name="com.ssvv.TestAddStudent.test_add_student_email_with_arond" time="0">
    <failure message="Cannot invoke &quot;com.ssvv.service.Service.addStudent(com.ssvv.domain.Student)&quot; because &quot;this.service&quot; is null" type="java.lang.NullPointerException">java.lang.NullPointerException: Cannot invoke &quot;com.ssvv.service.Service.addStudent(com.ssvv.domain.Student)&quot; because &quot;this.service&quot; is null
	at com.ssvv.TestAddStudent.test_add_student_email_with_arond(TestAddStudent.java:198)
</failure>
  </testcase>
</testsuite>